Determining if the pthread_create exist failed with the following output:
Change Dir: /home/slam/ORB_SLAM3_LINE/build/CMakeFiles/CMakeTmp

Run Build Command:"/usr/bin/make" "cmTC_865d3/fast"
/usr/bin/make -f CMakeFiles/cmTC_865d3.dir/build.make CMakeFiles/cmTC_865d3.dir/build
make[1]: 进入目录“/home/slam/ORB_SLAM3_LINE/build/CMakeFiles/CMakeTmp”
Building C object CMakeFiles/cmTC_865d3.dir/CheckSymbolExists.c.o
/usr/bin/cc   -Wall   -O3    -o CMakeFiles/cmTC_865d3.dir/CheckSymbolExists.c.o   -c /home/slam/ORB_SLAM3_LINE/build/CMakeFiles/CMakeTmp/CheckSymbolExists.c
Linking C executable cmTC_865d3
/usr/bin/cmake -E cmake_link_script CMakeFiles/cmTC_865d3.dir/link.txt --verbose=1
/usr/bin/cc   -Wall   -O3     -rdynamic CMakeFiles/cmTC_865d3.dir/CheckSymbolExists.c.o  -o cmTC_865d3 
CMakeFiles/cmTC_865d3.dir/CheckSymbolExists.c.o：在函数‘main’中：
CheckSymbolExists.c:(.text.startup+0x3)：对‘pthread_create’未定义的引用
collect2: error: ld returned 1 exit status
CMakeFiles/cmTC_865d3.dir/build.make:97: recipe for target 'cmTC_865d3' failed
make[1]: *** [cmTC_865d3] Error 1
make[1]: 离开目录“/home/slam/ORB_SLAM3_LINE/build/CMakeFiles/CMakeTmp”
Makefile:126: recipe for target 'cmTC_865d3/fast' failed
make: *** [cmTC_865d3/fast] Error 2

File /home/slam/ORB_SLAM3_LINE/build/CMakeFiles/CMakeTmp/CheckSymbolExists.c:
/* */
#include <pthread.h>

int main(int argc, char** argv)
{
  (void)argv;
#ifndef pthread_create
  return ((int*)(&pthread_create))[argc];
#else
  (void)argc;
  return 0;
#endif
}

Determining if the function pthread_create exists in the pthreads failed with the following output:
Change Dir: /home/slam/ORB_SLAM3_LINE/build/CMakeFiles/CMakeTmp

Run Build Command:"/usr/bin/make" "cmTC_70481/fast"
/usr/bin/make -f CMakeFiles/cmTC_70481.dir/build.make CMakeFiles/cmTC_70481.dir/build
make[1]: 进入目录“/home/slam/ORB_SLAM3_LINE/build/CMakeFiles/CMakeTmp”
Building C object CMakeFiles/cmTC_70481.dir/CheckFunctionExists.c.o
/usr/bin/cc   -Wall   -O3 -DCHECK_FUNCTION_EXISTS=pthread_create   -o CMakeFiles/cmTC_70481.dir/CheckFunctionExists.c.o   -c /usr/share/cmake-3.10/Modules/CheckFunctionExists.c
Linking C executable cmTC_70481
/usr/bin/cmake -E cmake_link_script CMakeFiles/cmTC_70481.dir/link.txt --verbose=1
/usr/bin/cc   -Wall   -O3 -DCHECK_FUNCTION_EXISTS=pthread_create    -rdynamic CMakeFiles/cmTC_70481.dir/CheckFunctionExists.c.o  -o cmTC_70481 -lpthreads 
/usr/bin/ld: 找不到 -lpthreads
collect2: error: ld returned 1 exit status
CMakeFiles/cmTC_70481.dir/build.make:97: recipe for target 'cmTC_70481' failed
make[1]: *** [cmTC_70481] Error 1
make[1]: 离开目录“/home/slam/ORB_SLAM3_LINE/build/CMakeFiles/CMakeTmp”
Makefile:126: recipe for target 'cmTC_70481/fast' failed
make: *** [cmTC_70481/fast] Error 2


